24	HGDP00007	Brahui	0.967599	0.005373	0.005049	0.000010	0.002249	0.019720
34	HGDP00033	Brahui	0.976995	0.000494	0.000010	0.003570	0.000010	0.018921
27	HGDP00017	Brahui	0.981037	0.008326	0.000010	0.000010	0.000010	0.010607
22	HGDP00003	Brahui	0.964132	0.010628	0.004650	0.000010	0.015847	0.004732
31	HGDP00025	Brahui	0.956358	0.033592	0.000010	0.000010	0.010020	0.000010
41	HGDP00049	Brahui	0.945076	0.013310	0.029956	0.000010	0.011638	0.000010
36	HGDP00037	Brahui	0.947598	0.029525	0.014280	0.000010	0.008578	0.000010
23	HGDP00005	Brahui	0.935426	0.061249	0.002713	0.000010	0.000592	0.000010
40	HGDP00047	Brahui	0.946030	0.044755	0.000010	0.000155	0.000010	0.009040
32	HGDP00027	Brahui	0.952305	0.000010	0.000010	0.032663	0.010468	0.004545
33	HGDP00031	Brahui	0.950177	0.018754	0.000010	0.000010	0.019216	0.011834
39	HGDP00045	Brahui	0.954182	0.030538	0.000010	0.015250	0.000010	0.000010
35	HGDP00035	Brahui	0.944938	0.000010	0.050826	0.000010	0.000010	0.004206
25	HGDP00011	Brahui	0.950088	0.049872	0.000010	0.000010	0.000010	0.000010
29	HGDP00021	Brahui	0.972898	0.005315	0.000010	0.000010	0.000010	0.021757
21	HGDP00001	Brahui	0.950986	0.032562	0.015182	0.000010	0.001250	0.000010
26	HGDP00015	Brahui	0.949790	0.049394	0.000010	0.000010	0.000010	0.000785
38	HGDP00043	Brahui	0.944483	0.036717	0.011135	0.000010	0.000010	0.007646
30	HGDP00023	Brahui	0.954351	0.000010	0.000010	0.016239	0.029381	0.000010
28	HGDP00019	Brahui	0.905115	0.035356	0.048137	0.000010	0.000010	0.011372
37	HGDP00039	Brahui	0.917597	0.000010	0.020723	0.043963	0.010824	0.006883
10	HGDP00074	Balochi	0.966602	0.013612	0.000010	0.019756	0.000010	0.000010
19	HGDP00096	Balochi	0.940430	0.011288	0.048252	0.000010	0.000010	0.000010
15	HGDP00088	Balochi	0.951734	0.024518	0.000010	0.023718	0.000010	0.000010
14	HGDP00086	Balochi	0.951817	0.016912	0.000010	0.000010	0.013243	0.018007
6	HGDP00064	Balochi	0.967629	0.026201	0.000010	0.000010	0.000010	0.006140
18	HGDP00094	Balochi	0.924700	0.017096	0.000010	0.044597	0.009584	0.004013
7	HGDP00066	Balochi	0.967952	0.007627	0.019196	0.000010	0.005205	0.000010
13	HGDP00082	Balochi	0.932327	0.020451	0.000010	0.027403	0.019798	0.000010
9	HGDP00072	Balochi	0.948867	0.051093	0.000010	0.000010	0.000010	0.000010
5	HGDP00062	Balochi	0.930275	0.046567	0.000010	0.008235	0.000010	0.014903
3	HGDP00056	Balochi	0.866583	0.051033	0.000010	0.051623	0.017464	0.013286
17	HGDP00092	Balochi	0.929294	0.017368	0.021253	0.030823	0.001252	0.000010
4	HGDP00058	Balochi	0.934368	0.032550	0.021708	0.001838	0.005651	0.003885
12	HGDP00080	Balochi	0.938408	0.057841	0.003721	0.000010	0.000010	0.000010
20	HGDP00098	Balochi	0.930701	0.020605	0.012297	0.000010	0.010321	0.026066
11	HGDP00078	Balochi	0.943507	0.047190	0.000010	0.000010	0.000010	0.009273
16	HGDP00090	Balochi	0.911645	0.049559	0.015913	0.000010	0.001838	0.021034
8	HGDP00068	Balochi	0.890187	0.054030	0.040850	0.000010	0.014912	0.000010
2	HGDP00054	Balochi	0.972717	0.010804	0.000737	0.000010	0.015722	0.000010
1	HGDP00052	Balochi	0.958395	0.041565	0.000010	0.000010	0.000010	0.000010
187	HGDP00313	Kalash	0.987470	0.000010	0.000010	0.001884	0.010616	0.000010
177	HGDP00277	Kalash	0.985443	0.000010	0.000010	0.000010	0.014517	0.000010
191	HGDP00328	Kalash	0.989763	0.000010	0.000010	0.000010	0.005183	0.005025
176	HGDP00267	Kalash	0.998653	0.000010	0.000010	0.000010	0.001307	0.000010
192	HGDP00330	Kalash	0.994029	0.000010	0.000010	0.000010	0.005931	0.000010
190	HGDP00323	Kalash	0.999950	0.000010	0.000010	0.000010	0.000010	0.000010
180	HGDP00286	Kalash	0.999950	0.000010	0.000010	0.000010	0.000010	0.000010
193	HGDP00333	Kalash	0.999255	0.000010	0.000010	0.000010	0.000705	0.000010
181	HGDP00288	Kalash	0.999950	0.000010	0.000010	0.000010	0.000010	0.000010
189	HGDP00319	Kalash	0.999950	0.000010	0.000010	0.000010	0.000010	0.000010
186	HGDP00311	Kalash	0.966406	0.000010	0.000010	0.000010	0.015688	0.017876
179	HGDP00285	Kalash	0.982485	0.000010	0.000010	0.000010	0.017475	0.000010
178	HGDP00281	Kalash	0.971100	0.009049	0.000010	0.000010	0.000010	0.019822
182	HGDP00290	Kalash	0.958664	0.000010	0.017284	0.000010	0.024022	0.000010
184	HGDP00302	Kalash	0.976806	0.000010	0.000010	0.000010	0.014001	0.009163
183	HGDP00298	Kalash	0.984333	0.000010	0.000010	0.000010	0.015627	0.000010
188	HGDP00315	Kalash	0.966048	0.000010	0.000010	0.010830	0.023092	0.000010
185	HGDP00307	Kalash	0.959953	0.000010	0.010952	0.019815	0.009260	0.000010
236	HGDP01327	She	0.000010	0.000010	0.999950	0.000010	0.000010	0.000010
239	HGDP01330	She	0.000010	0.000010	0.996420	0.000010	0.003540	0.000010
241	HGDP01332	She	0.000010	0.000010	0.983596	0.016364	0.000010	0.000010
244	HGDP01335	She	0.000010	0.000010	0.984449	0.015511	0.000010	0.000010
245	HGDP01336	She	0.000010	0.000010	0.968124	0.029947	0.000010	0.001899
242	HGDP01333	She	0.000010	0.000010	0.997365	0.000010	0.002595	0.000010
240	HGDP01331	She	0.000010	0.000010	0.945063	0.054897	0.000010	0.000010
238	HGDP01329	She	0.000010	0.013384	0.968720	0.000010	0.000010	0.017866
243	HGDP01334	She	0.000010	0.000010	0.979182	0.000010	0.000010	0.020778
237	HGDP01328	She	0.000010	0.000010	0.971114	0.028846	0.000010	0.000010
73	HGDP01315	Dai	0.016196	0.000010	0.983764	0.000010	0.000010	0.000010
68	HGDP01310	Dai	0.007606	0.000010	0.992354	0.000010	0.000010	0.000010
66	HGDP01308	Dai	0.010631	0.000010	0.989329	0.000010	0.000010	0.000010
72	HGDP01314	Dai	0.000010	0.000010	0.999950	0.000010	0.000010	0.000010
67	HGDP01309	Dai	0.000010	0.000010	0.999950	0.000010	0.000010	0.000010
70	HGDP01312	Dai	0.012221	0.000010	0.987739	0.000010	0.000010	0.000010
74	HGDP01316	Dai	0.006139	0.000010	0.993821	0.000010	0.000010	0.000010
69	HGDP01311	Dai	0.013681	0.000010	0.986279	0.000010	0.000010	0.000010
65	HGDP01307	Dai	0.009003	0.000010	0.990957	0.000010	0.000010	0.000010
71	HGDP01313	Dai	0.008855	0.000010	0.991105	0.000010	0.000010	0.000010
202	HGDP01189	Miaozu	0.000010	0.039947	0.934204	0.011662	0.000010	0.014166
211	HGDP01198	Miaozu	0.000010	0.027036	0.888045	0.071553	0.000010	0.013345
206	HGDP01193	Miaozu	0.000010	0.000010	0.946249	0.038429	0.000010	0.015293
208	HGDP01195	Miaozu	0.000010	0.000010	0.899513	0.100447	0.000010	0.000010
209	HGDP01196	Miaozu	0.000010	0.008602	0.896312	0.068597	0.008218	0.018260
204	HGDP01191	Miaozu	0.000010	0.051106	0.873832	0.073482	0.000010	0.001560
203	HGDP01190	Miaozu	0.000010	0.014186	0.891990	0.093794	0.000010	0.000010
205	HGDP01192	Miaozu	0.000010	0.000010	0.919459	0.056168	0.000010	0.024343
210	HGDP01197	Miaozu	0.000010	0.010189	0.870412	0.101242	0.000010	0.018137
207	HGDP01194	Miaozu	0.000010	0.000010	0.950449	0.040323	0.000010	0.009198
119	HGDP00812	Han	0.000010	0.000010	0.999950	0.000010	0.000010	0.000010
133	HGDP00975	Han	0.000010	0.000010	0.999950	0.000010	0.000010	0.000010
112	HGDP00781	Han	0.000010	0.000010	0.991272	0.000010	0.008688	0.000010
123	HGDP00817	Han	0.000010	0.000010	0.999950	0.000010	0.000010	0.000010
127	HGDP00821	Han	0.000010	0.000010	0.979243	0.020717	0.000010	0.000010
116	HGDP00785	Han	0.000010	0.000010	0.999950	0.000010	0.000010	0.000010
111	HGDP00780	Han	0.000010	0.008037	0.954765	0.037169	0.000010	0.000010
125	HGDP00819	Han	0.000010	0.005681	0.985124	0.000010	0.000010	0.009165
108	HGDP00776	Han	0.000010	0.000010	0.994386	0.000010	0.005574	0.000010
126	HGDP00820	Han	0.000010	0.000010	0.988598	0.000010	0.000010	0.011362
106	HGDP00774	Han	0.000010	0.000010	0.958959	0.032079	0.008429	0.000513
120	HGDP00813	Han	0.000010	0.000010	0.975365	0.003195	0.004968	0.016451
136	HGDP01021	Han	0.000010	0.020572	0.950358	0.028139	0.000010	0.000911
117	HGDP00786	Han	0.000010	0.049708	0.921695	0.000010	0.000010	0.028566
118	HGDP00811	Han	0.000010	0.041391	0.952135	0.000010	0.000010	0.006444
124	HGDP00818	Han	0.000010	0.043536	0.914311	0.040292	0.000010	0.001841
115	HGDP00784	Han	0.000010	0.031449	0.924124	0.000010	0.000010	0.044397
132	HGDP00974	Han	0.000010	0.020587	0.979373	0.000010	0.000010	0.000010
130	HGDP00972	Han	0.000010	0.042602	0.940207	0.007245	0.000010	0.009926
131	HGDP00973	Han	0.000010	0.017936	0.875243	0.105885	0.000917	0.000010
128	HGDP00822	Han	0.000010	0.027654	0.913005	0.059311	0.000010	0.000010
135	HGDP00977	Han	0.000010	0.036656	0.872172	0.082986	0.000010	0.008166
138	HGDP01024	Han	0.000010	0.039647	0.806728	0.153595	0.000010	0.000010
134	HGDP00976	Han	0.000010	0.046762	0.831077	0.113991	0.000010	0.008150
129	HGDP00971	Han	0.000010	0.055892	0.800888	0.143189	0.000010	0.000010
114	HGDP00783	Han	0.000010	0.076454	0.805654	0.117863	0.000010	0.000010
113	HGDP00782	Han	0.000010	0.080024	0.809209	0.110737	0.000010	0.000010
110	HGDP00779	Han	0.000010	0.079041	0.834115	0.057854	0.000010	0.028970
122	HGDP00815	Han	0.000010	0.083292	0.804403	0.112275	0.000010	0.000010
121	HGDP00814	Han	0.000010	0.103391	0.801959	0.088616	0.000010	0.006014
107	HGDP00775	Han	0.000010	0.047009	0.832718	0.113657	0.000010	0.006596
137	HGDP01023	Han	0.000010	0.075286	0.769169	0.155515	0.000010	0.000010
109	HGDP00777	Han	0.000010	0.137880	0.650402	0.211688	0.000010	0.000010
264	HGDP01103	Tujia	0.000010	0.007244	0.898414	0.077483	0.012739	0.004111
262	HGDP01101	Tujia	0.000010	0.049803	0.901901	0.019834	0.010998	0.017454
259	HGDP01098	Tujia	0.000010	0.023385	0.877181	0.099403	0.000010	0.000010
256	HGDP01095	Tujia	0.000010	0.007399	0.883315	0.086786	0.022481	0.000010
258	HGDP01097	Tujia	0.000010	0.033204	0.862995	0.093655	0.000010	0.010126
261	HGDP01100	Tujia	0.000010	0.072230	0.832565	0.095175	0.000010	0.000010
257	HGDP01096	Tujia	0.000010	0.012518	0.819267	0.140910	0.000010	0.027285
260	HGDP01099	Tujia	0.000010	0.092539	0.787952	0.114371	0.005118	0.000010
263	HGDP01102	Tujia	0.000010	0.017508	0.819136	0.131859	0.011310	0.020176
265	HGDP01104	Tujia	0.000010	0.027877	0.768656	0.203437	0.000010	0.000010
195	HGDP01318	Lahu	0.016413	0.000010	0.958518	0.000010	0.000010	0.025039
199	HGDP01322	Lahu	0.020474	0.000010	0.941447	0.000010	0.000010	0.038049
198	HGDP01321	Lahu	0.017073	0.000010	0.923144	0.000010	0.000010	0.059753
194	HGDP01317	Lahu	0.014166	0.000010	0.916031	0.066964	0.000010	0.002820
197	HGDP01320	Lahu	0.001749	0.000010	0.895926	0.077300	0.000010	0.025006
200	HGDP01323	Lahu	0.025577	0.000010	0.897839	0.036531	0.004181	0.035863
196	HGDP01319	Lahu	0.033620	0.000010	0.902235	0.026458	0.000010	0.037667
201	HGDP01326	Lahu	0.017470	0.000010	0.866737	0.115485	0.000288	0.000010
311	CB1031	SHP.Khumbu	0.000010	0.000010	0.000010	0.000010	0.000010	0.999950
304	CB1017	SHP.Khumbu	0.000010	0.000010	0.000010	0.000010	0.000010	0.999950
301	CB1013	SHP.Khumbu	0.000010	0.000010	0.000010	0.000010	0.000010	0.999950
318	CB1046	SHP.Khumbu	0.000010	0.000010	0.000010	0.000010	0.000010	0.999950
305	CB1018	SHP.Khumbu	0.000010	0.000010	0.000010	0.000010	0.000010	0.999950
300	CB1012	SHP.Khumbu	0.000010	0.000010	0.000010	0.000010	0.000010	0.999950
297	CB1005	SHP.Khumbu	0.000010	0.000010	0.000010	0.000010	0.000010	0.999950
320	CB1055	SHP.Khumbu	0.000010	0.000010	0.000010	0.000010	0.000010	0.999950
309	CB1026	SHP.Khumbu	0.000010	0.000010	0.000010	0.000010	0.000010	0.999950
299	CB1010	SHP.Khumbu	0.000010	0.000010	0.000010	0.000010	0.000010	0.999950
296	CB1003	SHP.Khumbu	0.000010	0.008976	0.000010	0.000010	0.000010	0.990984
313	CB1036	SHP.Khumbu	0.000010	0.000010	0.000010	0.000010	0.000010	0.999950
312	CB1032	SHP.Khumbu	0.000010	0.000010	0.000010	0.000010	0.000010	0.999950
316	CB1040	SHP.Khumbu	0.000010	0.000010	0.000010	0.000010	0.000010	0.999950
335	CB1075	SHP.Khumbu	0.000010	0.000010	0.000010	0.000010	0.000010	0.999950
307	CB1020	SHP.Khumbu	0.000010	0.000010	0.019348	0.026851	0.000010	0.953771
319	CB1050	SHP.Khumbu	0.000010	0.000010	0.012361	0.000010	0.000010	0.987599
308	CB1021	SHP.Khumbu	0.000010	0.000010	0.000010	0.045264	0.000010	0.954696
331	CB1070	SHP.Khumbu	0.000010	0.000010	0.022806	0.034078	0.000010	0.943086
329	CB1068	SHP.Khumbu	0.000010	0.000010	0.000010	0.057141	0.000010	0.942819
303	CB1016	SHP.Khumbu	0.000010	0.000010	0.000010	0.088426	0.000010	0.911534
306	CB1019	SHP.Khumbu	0.000010	0.000010	0.000010	0.104605	0.000010	0.895355
325	CB1064	SHP.Khumbu	0.015853	0.012355	0.000010	0.115012	0.000010	0.856759
298	CB1006	SHP.Khumbu	0.000010	0.034989	0.000010	0.155639	0.000010	0.809342
315	CB1038	SHP.Khumbu	0.000010	0.000010	0.000010	0.208506	0.006027	0.785437
321	CB1056	SHP.Khumbu	0.000010	0.000010	0.000010	0.187687	0.010078	0.802204
322	CB1061	SHP.Khumbu	0.000010	0.000010	0.013702	0.218724	0.005644	0.761910
340	CB1081	SHP.Khumbu	0.000010	0.000010	0.000010	0.164130	0.000010	0.835830
343	CB1084	SHP.Khumbu	0.000010	0.031998	0.000010	0.204378	0.000010	0.763595
337	CB1077	SHP.Khumbu	0.000010	0.000010	0.038041	0.193724	0.000010	0.768205
310	CB1028	SHP.Khumbu	0.000010	0.000010	0.000010	0.314810	0.000010	0.685150
327	CB1066	SHP.Khumbu	0.000010	0.039697	0.000010	0.258855	0.000010	0.701418
332	CB1071	SHP.Khumbu	0.000010	0.000010	0.000010	0.147012	0.000010	0.852948
317	CB1041	SHP.Khumbu	0.000010	0.000010	0.018146	0.325892	0.005002	0.650940
334	CB1074	SHP.Khumbu	0.000010	0.004153	0.000010	0.359271	0.000010	0.636546
302	CB1014	SHP.Khumbu	0.000010	0.000010	0.008738	0.452420	0.000010	0.538813
338	CB1078	SHP.Khumbu	0.050775	0.000010	0.000010	0.437521	0.003313	0.508371
336	CB1076	SHP.Khumbu	0.000010	0.036124	0.077093	0.500813	0.000010	0.385950
341	CB1082	SHP.Khumbu	0.057462	0.024764	0.030879	0.462147	0.015851	0.408898
344	CB1085	SHP.Khumbu	0.000010	0.000010	0.000010	0.623954	0.010331	0.365685
323	CB1062	SHP.Khumbu	0.000010	0.000010	0.011689	0.632682	0.000010	0.355599
342	CB1083	SHP.Khumbu	0.000010	0.000010	0.047889	0.639249	0.000010	0.312831
333	CB1072	SHP.Khumbu	0.000010	0.000010	0.009320	0.645001	0.000010	0.345649
339	CB1079	SHP.Khumbu	0.008686	0.000010	0.011042	0.671809	0.000010	0.308443
324	CB1063	SHP.Khumbu	0.002904	0.003011	0.040208	0.729653	0.000010	0.224213
330	CB1069	SHP.Khumbu	0.015680	0.001724	0.000010	0.756740	0.000010	0.225836
314	CB1037	SHP.Khumbu	0.000010	0.000010	0.015202	0.793569	0.006113	0.185096
328	CB1067	SHP.Khumbu	0.006870	0.001061	0.009374	0.771341	0.007262	0.204093
326	CB1065	SHP.Khumbu	0.000961	0.000010	0.042329	0.863114	0.001483	0.092103
345	A01-64.CEL	SHP.Zhangmu	0.073815	0.000250	0.036676	0.487587	0.000010	0.401661
381	E08-63_(GenomeWideSNP_6).CEL	SHP.Zhangmu	0.132452	0.000010	0.024478	0.278752	0.022573	0.541736
346	A04-63.CEL	SHP.Zhangmu	0.005990	0.000010	0.069736	0.293768	0.000010	0.630486
370	C07-62_(GenomeWideSNP_6)_Rep2.CEL	SHP.Zhangmu	0.064615	0.029763	0.065222	0.394282	0.000010	0.446109
375	D07-63_(GenomeWideSNP_6)_Rep2.CEL	SHP.Zhangmu	0.079874	0.000010	0.000010	0.506835	0.022162	0.391109
395	G08-63_(GenomeWideSNP_6)_Rep2.CEL	SHP.Zhangmu	0.072400	0.027181	0.031156	0.495552	0.007487	0.366224
394	G07-62_(GenomeWideSNP_6)_Rep2.CEL	SHP.Zhangmu	0.038943	0.000010	0.000010	0.453780	0.000010	0.507248
365	B06-63_(GenomeWideSNP_6)_Rep2.CEL	SHP.Zhangmu	0.026201	0.000010	0.038964	0.260538	0.000010	0.674277
379	E07-62_(GenomeWideSNP_6)_Rep2.CEL	SHP.Zhangmu	0.068685	0.000010	0.032986	0.474996	0.000010	0.423313
398	I07-62_(GenomeWideSNP_6)_Rep2.CEL	SHP.Zhangmu	0.064893	0.000010	0.000010	0.341170	0.020630	0.573287
364	B06-62_(GenomeWideSNP_6)_Rep2.CEL	SHP.Zhangmu	0.072563	0.006846	0.054704	0.555352	0.000879	0.309656
386	F08-62_(GenomeWideSNP_6)_Rep2.CEL	SHP.Zhangmu	0.000010	0.001103	0.019026	0.416282	0.009858	0.553721
357	H04-62.CEL	SHP.Zhangmu	0.053947	0.000010	0.031368	0.664756	0.000010	0.249910
376	D08-63_(GenomeWideSNP_6).CEL	SHP.Zhangmu	0.102554	0.000206	0.044302	0.293099	0.019059	0.540780
347	C02-63_2.CEL	SHP.Zhangmu	0.067385	0.000010	0.000010	0.347875	0.032837	0.551883
352	D09-62.CEL	SHP.Zhangmu	0.009929	0.000010	0.000010	0.356808	0.000010	0.633233
361	A02-62_(GenomeWideSNP_6)_Rep2.CEL	SHP.Zhangmu	0.056790	0.036567	0.037295	0.397767	0.000010	0.471570
380	E07-63_(GenomeWideSNP_6).CEL	SHP.Zhangmu	0.040809	0.020470	0.103587	0.630484	0.000010	0.204641
348	C04-63.CEL	SHP.Zhangmu	0.063083	0.000010	0.089868	0.662704	0.007135	0.177200
392	G05-62_(GenomeWideSNP_6)_Rep2.CEL	SHP.Zhangmu	0.108927	0.040188	0.027617	0.322633	0.017540	0.483095
368	C03-62_(GenomeWideSNP_6)_Rep2.CEL	SHP.Zhangmu	0.113813	0.000992	0.075184	0.572536	0.024065	0.213411
384	F03-63_(GenomeWideSNP_6).CEL	SHP.Zhangmu	0.163064	0.038061	0.133760	0.504422	0.005982	0.154712
391	G04-62_(GenomeWideSNP_6)_Rep2.CEL	SHP.Zhangmu	0.000010	0.000010	0.036308	0.260525	0.000010	0.703137
349	C08-63.CEL	SHP.Zhangmu	0.000726	0.007201	0.000010	0.467967	0.014449	0.509647
354	E01-62.CEL	SHP.Zhangmu	0.000010	0.000010	0.038459	0.163517	0.011077	0.786927
378	E04-63_(GenomeWideSNP_6).CEL	SHP.Zhangmu	0.015201	0.000010	0.043789	0.399038	0.001681	0.540281
358	H06-62.CEL	SHP.Zhangmu	0.079884	0.002152	0.083098	0.408735	0.002787	0.423344
359	I09-63.CEL	SHP.Zhangmu	0.047726	0.000010	0.101819	0.455962	0.005365	0.389117
372	D02-62_(GenomeWideSNP_6)_Rep2.CEL	SHP.Zhangmu	0.131052	0.000010	0.081852	0.424770	0.010357	0.351960
388	G02-62_(GenomeWideSNP_6)_Rep2.CEL	SHP.Zhangmu	0.054066	0.000010	0.049777	0.344121	0.001040	0.550986
382	F01-62_(GenomeWideSNP_6)_Rep2.CEL	SHP.Zhangmu	0.047248	0.000010	0.064726	0.410482	0.009498	0.468036
393	G05-63_(GenomeWideSNP_6)_Rep2.CEL	SHP.Zhangmu	0.065207	0.000010	0.054137	0.390736	0.001059	0.488851
385	F05-62_(GenomeWideSNP_6)_Rep2.CEL	SHP.Zhangmu	0.074620	0.002178	0.008918	0.332919	0.009351	0.572016
350	D01-63.CEL	SHP.Zhangmu	0.034714	0.007526	0.133463	0.429047	0.003895	0.391355
356	E09-62.CEL	SHP.Zhangmu	0.052180	0.000010	0.062083	0.503719	0.000010	0.381999
366	B07-63_(GenomeWideSNP_6)_Rep2.CEL	SHP.Zhangmu	0.034917	0.000010	0.071885	0.398996	0.009447	0.484745
397	I05-63_(GenomeWideSNP_6).CEL	SHP.Zhangmu	0.047741	0.014525	0.018172	0.398492	0.000010	0.521061
369	C04-60_(GenomeWideSNP_6).CEL	SHP.Zhangmu	0.080028	0.000010	0.082047	0.699786	0.009429	0.128700
363	B05-63_(GenomeWideSNP_6)_Rep2.CEL	SHP.Zhangmu	0.062834	0.000010	0.144105	0.611282	0.000010	0.181758
383	F02-62_(GenomeWideSNP_6).CEL	SHP.Zhangmu	0.082426	0.018411	0.111463	0.607029	0.002218	0.178454
396	I05-62_(GenomeWideSNP_6)_Rep2.CEL	SHP.Zhangmu	0.009652	0.008880	0.008479	0.606682	0.009217	0.357089
355	E06-63.CEL	SHP.Zhangmu	0.227282	0.031148	0.069102	0.578737	0.007539	0.086192
390	G03-62_(GenomeWideSNP_6)_Rep2.CEL	SHP.Zhangmu	0.063951	0.029152	0.065033	0.397679	0.000010	0.444175
387	G01-62_(GenomeWideSNP_6)_Rep2.CEL	SHP.Zhangmu	0.079486	0.016339	0.139786	0.695395	0.000010	0.068984
374	D05-63_(GenomeWideSNP_6).CEL	SHP.Zhangmu	0.000010	0.020592	0.026707	0.617550	0.009110	0.326032
377	E03-63_(GenomeWideSNP_6).CEL	SHP.Zhangmu	0.010113	0.000010	0.030514	0.305270	0.000010	0.654083
362	A03-62_(GenomeWideSNP_6)_Rep2.CEL	SHP.Zhangmu	0.016566	0.000010	0.000010	0.307357	0.000010	0.676047
367	C01-63_(GenomeWideSNP_6)_Rep2.CEL	SHP.Zhangmu	0.022320	0.006922	0.000010	0.633089	0.002726	0.334934
399	I07-63_(GenomeWideSNP_6).CEL	SHP.Zhangmu	0.152104	0.042105	0.058059	0.416035	0.000010	0.331687
360	A01-63_(GenomeWideSNP_6)_Rep2.CEL	SHP.Zhangmu	0.015567	0.000010	0.014366	0.311132	0.014553	0.644372
373	D02-63_(GenomeWideSNP_6).CEL	SHP.Zhangmu	0.000010	0.000064	0.009443	0.308882	0.000354	0.681248
351	D08-62.CEL	SHP.Zhangmu	0.153685	0.047052	0.149736	0.521518	0.000010	0.127999
353	D09-63.CEL	SHP.Zhangmu	0.016768	0.000010	0.000010	0.375368	0.000010	0.607834
389	G02-63_(GenomeWideSNP_6)_Rep2.CEL	SHP.Zhangmu	0.083643	0.002512	0.099798	0.558785	0.000343	0.254919
371	C09-63_(GenomeWideSNP_6).CEL	SHP.Zhangmu	0.104197	0.028285	0.088743	0.622845	0.000010	0.155920
493	3C3-DR215.CEL	TBN.Shigatse	0.000010	0.000010	0.000010	0.982387	0.000010	0.017573
483	3B11-DR124.CEL	TBN.Shigatse	0.006861	0.000010	0.000010	0.879956	0.006642	0.106521
497	3C7-DR148.CEL	TBN.Shigatse	0.000010	0.007485	0.010306	0.914735	0.000358	0.067107
485	3B6-DR212.CEL	TBN.Shigatse	0.013648	0.000010	0.003808	0.931544	0.000010	0.050980
494	3C4-DR50.CEL	TBN.Shigatse	0.000010	0.000010	0.000010	0.930045	0.000010	0.069915
486	3B7-DR126.CEL	TBN.Shigatse	0.000013	0.000010	0.000010	0.895949	0.031491	0.072527
484	3B12-DR116.CEL	TBN.Shigatse	0.000010	0.000010	0.000010	0.903400	0.020554	0.076016
490	3C11-DR138.CEL	TBN.Shigatse	0.000010	0.000010	0.000010	0.976035	0.000010	0.023925
487	3B8-DR20.CEL	TBN.Shigatse	0.002020	0.000010	0.000010	0.926329	0.002919	0.068712
496	3C6-DR42.CEL	TBN.Shigatse	0.000010	0.000010	0.022724	0.913361	0.000850	0.063045
472	32.CEL	TBN.Shigatse	0.000013	0.012485	0.000010	0.940716	0.000010	0.046766
495	3C5-DR161.CEL	TBN.Shigatse	0.016719	0.000010	0.000010	0.878397	0.007532	0.097333
467	27.CEL	TBN.Shigatse	0.000010	0.006283	0.021386	0.876925	0.000010	0.095386
457	Li-C05.CEL	TBN.Shigatse	0.020154	0.000010	0.042215	0.877988	0.000010	0.059623
470	30.CEL	TBN.Shigatse	0.011321	0.013210	0.000010	0.858543	0.000010	0.116906
478	38.CEL	TBN.Shigatse	0.000010	0.000010	0.007775	0.882045	0.008584	0.101576
466	26.CEL	TBN.Shigatse	0.000010	0.001787	0.070575	0.861498	0.000010	0.066120
479	39.CEL	TBN.Shigatse	0.001974	0.003834	0.031554	0.870152	0.000010	0.092476
492	3C2-DR169.CEL	TBN.Shigatse	0.022694	0.000010	0.025088	0.831539	0.009392	0.111277
480	40.CEL	TBN.Shigatse	0.009173	0.000010	0.027474	0.876300	0.023059	0.063985
471	31.CEL	TBN.Shigatse	0.003200	0.010336	0.047519	0.884985	0.000010	0.053950
468	28.CEL	TBN.Shigatse	0.011401	0.000010	0.000010	0.928246	0.006284	0.054049
481	41.CEL	TBN.Shigatse	0.000010	0.004817	0.001175	0.929764	0.000010	0.064224
491	3C1-DR196.CEL	TBN.Shigatse	0.009764	0.000010	0.022357	0.885528	0.007550	0.074791
498	3C8-DR139.CEL	TBN.Shigatse	0.000010	0.000010	0.000010	0.894158	0.009351	0.096461
476	36.CEL	TBN.Shigatse	0.000574	0.000010	0.028571	0.863477	0.012370	0.094998
499	3C9-DR53.CEL	TBN.Shigatse	0.004773	0.000010	0.010530	0.931536	0.000010	0.053141
458	Li-C10.CEL	TBN.Shigatse	0.000010	0.000010	0.077945	0.810647	0.014688	0.096700
474	34.CEL	TBN.Shigatse	0.012792	0.000010	0.000010	0.883518	0.010461	0.093208
489	3C10-DR214.CEL	TBN.Shigatse	0.001963	0.000010	0.042681	0.826957	0.017124	0.111265
482	42.CEL	TBN.Shigatse	0.000010	0.040309	0.015078	0.888601	0.000010	0.055993
464	lsl_20090422_17.CEL	TBN.Shigatse	0.001813	0.000010	0.009573	0.906482	0.003653	0.078468
460	lsl_20090422_05.CEL	TBN.Shigatse	0.000155	0.028751	0.000010	0.896352	0.003987	0.070745
473	33.CEL	TBN.Shigatse	0.012006	0.000010	0.000010	0.862103	0.019747	0.106125
461	lsl_20090422_08.CEL	TBN.Shigatse	0.000519	0.000010	0.070760	0.921963	0.006738	0.000010
475	35.CEL	TBN.Shigatse	0.002603	0.000010	0.000010	0.865736	0.006853	0.124788
488	3B9-DR5.CEL	TBN.Shigatse	0.067212	0.019896	0.000010	0.844405	0.000010	0.068468
463	lsl_20090422_15.CEL	TBN.Shigatse	0.000061	0.020622	0.023140	0.861564	0.018289	0.076324
477	37.CEL	TBN.Shigatse	0.000010	0.045351	0.032068	0.830998	0.016517	0.075056
459	lsl_20090407_06.CEL	TBN.Shigatse	0.051388	0.031908	0.000010	0.851560	0.000010	0.065124
469	29.CEL	TBN.Shigatse	0.000010	0.004769	0.035082	0.872285	0.000010	0.087844
462	lsl_20090422_10.CEL	TBN.Shigatse	0.000010	0.000010	0.062056	0.858466	0.021164	0.058295
465	25.CEL	TBN.Shigatse	0.000010	0.004429	0.071558	0.857281	0.012704	0.054018
402	Li-C01.CEL	TBN.Shannan	0.003429	0.000010	0.000010	0.913127	0.011990	0.071434
408	lsl_20090422_06.CEL	TBN.Shannan	0.012759	0.000010	0.000010	0.894063	0.001224	0.091935
401	Li-A04.CEL	TBN.Shannan	0.000010	0.037857	0.000010	0.830878	0.005428	0.125816
405	lsl_20090407_01.CEL	TBN.Shannan	0.000010	0.000010	0.033302	0.919912	0.000010	0.046756
407	lsl_20090422_01.CEL	TBN.Shannan	0.000010	0.000010	0.017171	0.888175	0.020591	0.074043
403	Li-C03.CEL	TBN.Shannan	0.009105	0.000010	0.049055	0.837475	0.000010	0.104345
406	lsl_20090407_03.CEL	TBN.Shannan	0.011095	0.000010	0.000010	0.917358	0.024822	0.046704
400	Li-A01.CEL	TBN.Shannan	0.000010	0.000010	0.086234	0.802213	0.005242	0.106291
404	Li-C08.CEL	TBN.Shannan	0.001253	0.000010	0.029866	0.894608	0.026097	0.048166
428	24.CEL	TBN.Lhasa	0.000010	0.000010	0.018646	0.925072	0.000010	0.056253
410	Li-C06.CEL	TBN.Lhasa	0.010324	0.026473	0.006316	0.851149	0.000010	0.105727
426	22.CEL	TBN.Lhasa	0.029883	0.000010	0.005618	0.926089	0.000010	0.038390
436	CB2009102-3.CEL	TBN.Lhasa	0.017925	0.025490	0.041840	0.826223	0.004437	0.084085
415	lsl_20090422_02.CEL	TBN.Lhasa	0.009914	0.000010	0.012137	0.891456	0.011241	0.075242
409	Li-C02.CEL	TBN.Lhasa	0.000010	0.001552	0.000010	0.919972	0.009899	0.068557
413	lsl_20090407_04.CEL	TBN.Lhasa	0.003332	0.000010	0.041774	0.931350	0.013205	0.010328
432	CB2009102-13.CEL	TBN.Lhasa	0.000010	0.000010	0.000010	0.900826	0.000010	0.099134
417	lsl_20090422_16.CEL	TBN.Lhasa	0.009158	0.014998	0.000010	0.872655	0.000010	0.103168
412	lsl_20090407_02.CEL	TBN.Lhasa	0.002066	0.000010	0.022947	0.890882	0.000010	0.084085
438	CB2009102-9.CEL	TBN.Lhasa	0.000010	0.020853	0.051108	0.881499	0.007235	0.039295
430	CB2009102-11.CEL	TBN.Lhasa	0.006004	0.003270	0.030631	0.898601	0.004168	0.057325
425	21.CEL	TBN.Lhasa	0.000010	0.000010	0.105093	0.809585	0.024350	0.060952
437	CB2009102-7.CEL	TBN.Lhasa	0.000010	0.000010	0.068181	0.862290	0.009988	0.059520
421	17.CEL	TBN.Lhasa	0.000010	0.009506	0.015695	0.951284	0.009122	0.014383
433	CB2009102-14.CEL	TBN.Lhasa	0.000010	0.040585	0.011136	0.877046	0.000010	0.071213
427	23.CEL	TBN.Lhasa	0.000010	0.011877	0.042283	0.907626	0.009671	0.028533
418	lsl_20090422_19.CEL	TBN.Lhasa	0.000010	0.017420	0.063171	0.856253	0.004096	0.059050
431	CB2009102-12.CEL	TBN.Lhasa	0.000010	0.000010	0.097996	0.848775	0.000010	0.053199
422	18.CEL	TBN.Lhasa	0.000010	0.041204	0.049949	0.889292	0.000010	0.019536
423	19.CEL	TBN.Lhasa	0.005256	0.038639	0.080740	0.787734	0.000010	0.087621
434	CB2009102-1.CEL	TBN.Lhasa	0.000010	0.000010	0.057949	0.889380	0.020316	0.032335
420	16.CEL	TBN.Lhasa	0.002430	0.055762	0.057595	0.798304	0.027073	0.058837
416	lsl_20090422_03.CEL	TBN.Lhasa	0.010093	0.027961	0.031007	0.854648	0.023880	0.052411
424	20.CEL	TBN.Lhasa	0.027495	0.012355	0.043961	0.860198	0.000010	0.055981
435	CB2009102-2.CEL	TBN.Lhasa	0.026573	0.013825	0.040110	0.831228	0.034049	0.054216
414	lsl_20090407_05.CEL	TBN.Lhasa	0.000010	0.000010	0.075313	0.857620	0.031948	0.035099
419	15.CEL	TBN.Lhasa	0.011114	0.097738	0.072920	0.789595	0.000010	0.028623
411	Li-C09.CEL	TBN.Lhasa	0.000010	0.000010	0.130959	0.864201	0.004811	0.000010
429	CB2009102-10.CEL	TBN.Lhasa	0.000010	0.021103	0.079224	0.894554	0.005099	0.000010
453	lsl_20090422_11_02.CEL	TBN.Nyingchi	0.091066	0.003453	0.075138	0.804868	0.011631	0.013845
448	Li-A11.CEL	TBN.Nyingchi	0.000010	0.009379	0.095277	0.889268	0.006055	0.000010
456	lsl_20090506_5324F-29.CEL	TBN.Nyingchi	0.000010	0.059790	0.075122	0.852597	0.002262	0.010219
451	lsl_20090422_07.CEL	TBN.Nyingchi	0.000010	0.011903	0.172617	0.756302	0.000010	0.059158
454	lsl_20090422_14.CEL	TBN.Nyingchi	0.000010	0.031931	0.165987	0.792509	0.000010	0.009553
455	lsl_20090422_18.CEL	TBN.Nyingchi	0.000010	0.000731	0.180226	0.812362	0.006660	0.000010
450	Li-C11.CEL	TBN.Nyingchi	0.000010	0.047534	0.169683	0.744154	0.019707	0.018911
449	Li-C04.CEL	TBN.Nyingchi	0.007078	0.043557	0.152310	0.716680	0.032231	0.048144
452	lsl_20090422_09_02.CEL	TBN.Nyingchi	0.014469	0.008768	0.115039	0.783557	0.016962	0.061205
441	Li-A07.CEL	TBN.Chamdo	0.000010	0.037825	0.158508	0.791714	0.001251	0.010692
445	lsl_20090422_12.CEL	TBN.Chamdo	0.025923	0.006921	0.090363	0.852740	0.024043	0.000010
444	Li-C12.CEL	TBN.Chamdo	0.000010	0.012220	0.129266	0.817083	0.014798	0.026623
446	lsl_20090422_20.CEL	TBN.Chamdo	0.000010	0.044887	0.084970	0.867125	0.002998	0.000010
439	Li-A05.CEL	TBN.Chamdo	0.000010	0.029781	0.113489	0.808776	0.000010	0.047934
443	Li-C07.CEL	TBN.Chamdo	0.000010	0.034560	0.074580	0.883235	0.000010	0.007605
447	lsl_20090506_5410M-30.CEL	TBN.Chamdo	0.000010	0.015929	0.308221	0.672744	0.003086	0.000010
440	Li-A06.CEL	TBN.Chamdo	0.000010	0.000010	0.114897	0.846618	0.010014	0.028451
442	Li-A08.CEL	TBN.Chamdo	0.000010	0.022319	0.384080	0.578738	0.000010	0.014842
537	GSM540637_Sample_27.CEL	TBN.Qinghai	0.000010	0.042500	0.110698	0.840359	0.006423	0.000010
521	GSM540621_Sample_11.CEL	TBN.Qinghai	0.015242	0.043609	0.058214	0.864950	0.017975	0.000010
539	GSM540639_Sample_29.CEL	TBN.Qinghai	0.000010	0.000010	0.129528	0.853193	0.016756	0.000503
516	GSM540616_Sample_6.CEL	TBN.Qinghai	0.003511	0.035395	0.111114	0.849960	0.000010	0.000010
529	GSM540629_Sample_19.CEL	TBN.Qinghai	0.000010	0.044427	0.092484	0.863059	0.000010	0.000010
520	GSM540620_Sample_10.CEL	TBN.Qinghai	0.000010	0.099055	0.051143	0.838546	0.001974	0.009272
517	GSM540617_Sample_7.CEL	TBN.Qinghai	0.000010	0.018365	0.101391	0.875387	0.004838	0.000010
511	GSM540611_Sample_1.CEL	TBN.Qinghai	0.000010	0.034576	0.104357	0.856001	0.005046	0.000010
522	GSM540622_Sample_12.CEL	TBN.Qinghai	0.000010	0.048641	0.073498	0.871121	0.006720	0.000010
512	GSM540612_Sample_2.CEL	TBN.Qinghai	0.000010	0.058905	0.107507	0.833558	0.000010	0.000010
532	GSM540632_Sample_22.CEL	TBN.Qinghai	0.000010	0.037347	0.044112	0.909939	0.002401	0.006192
538	GSM540638_Sample_28.CEL	TBN.Qinghai	0.000010	0.021390	0.122600	0.852570	0.003419	0.000010
515	GSM540615_Sample_5.CEL	TBN.Qinghai	0.000010	0.049786	0.082620	0.867563	0.000010	0.000010
534	GSM540634_Sample_24.CEL	TBN.Qinghai	0.033257	0.055800	0.137015	0.757712	0.016206	0.000010
523	GSM540623_Sample_13.CEL	TBN.Qinghai	0.000010	0.028057	0.138859	0.833054	0.000010	0.000010
518	GSM540618_Sample_8.CEL	TBN.Qinghai	0.000010	0.018903	0.103464	0.844453	0.033159	0.000010
541	GSM540641_Sample_31.CEL	TBN.Qinghai	0.008316	0.073191	0.111302	0.788234	0.018947	0.000010
540	GSM540640_Sample_30.CEL	TBN.Qinghai	0.000010	0.032523	0.136652	0.817940	0.000010	0.012865
525	GSM540625_Sample_15.CEL	TBN.Qinghai	0.000010	0.091550	0.099922	0.797255	0.011253	0.000010
527	GSM540627_Sample_17.CEL	TBN.Qinghai	0.000010	0.103186	0.099858	0.784304	0.012632	0.000010
502	45.CEL	TBN.Qinghai	0.000010	0.053854	0.098938	0.838095	0.000010	0.009094
509	53.CEL	TBN.Qinghai	0.000010	0.035592	0.131523	0.832855	0.000010	0.000010
531	GSM540631_Sample_21.CEL	TBN.Qinghai	0.000010	0.036265	0.120862	0.837700	0.005152	0.000010
519	GSM540619_Sample_9.CEL	TBN.Qinghai	0.020782	0.047116	0.091855	0.837595	0.002642	0.000010
535	GSM540635_Sample_25.CEL	TBN.Qinghai	0.001409	0.105197	0.092658	0.796647	0.004078	0.000010
510	54.CEL	TBN.Qinghai	0.001462	0.045372	0.108324	0.825790	0.019042	0.000010
530	GSM540630_Sample_20.CEL	TBN.Qinghai	0.000010	0.074205	0.118245	0.800190	0.007340	0.000010
507	50_3.CEL	TBN.Qinghai	0.000010	0.035056	0.098996	0.852819	0.009524	0.003595
526	GSM540626_Sample_16.CEL	TBN.Qinghai	0.000010	0.075194	0.124046	0.779089	0.021651	0.000010
514	GSM540614_Sample_4.CEL	TBN.Qinghai	0.025445	0.121331	0.147564	0.665418	0.023589	0.016654
513	GSM540613_Sample_3.CEL	TBN.Qinghai	0.015591	0.110522	0.137451	0.734891	0.001535	0.000010
505	48.CEL	TBN.Qinghai	0.019352	0.118729	0.123240	0.714767	0.005088	0.018825
536	GSM540636_Sample_26.CEL	TBN.Qinghai	0.010961	0.092567	0.108273	0.788180	0.000010	0.000010
528	GSM540628_Sample_18.CEL	TBN.Qinghai	0.033473	0.082672	0.288909	0.593512	0.001424	0.000010
504	47.CEL	TBN.Qinghai	0.059256	0.140514	0.125932	0.661824	0.012464	0.000010
506	49.CEL	TBN.Qinghai	0.040847	0.154900	0.193493	0.604010	0.006740	0.000010
501	44_2.CEL	TBN.Qinghai	0.066667	0.166829	0.130417	0.632400	0.000010	0.003677
533	GSM540633_Sample_23.CEL	TBN.Qinghai	0.047622	0.116695	0.186089	0.616868	0.022320	0.010407
508	51.CEL	TBN.Qinghai	0.049497	0.133023	0.171568	0.612702	0.028248	0.004962
524	GSM540624_Sample_14.CEL	TBN.Qinghai	0.027806	0.118486	0.230729	0.594296	0.028673	0.000010
500	43.CEL	TBN.Qinghai	0.051863	0.170834	0.226116	0.511626	0.017235	0.022327
503	46.CEL	TBN.Qinghai	0.039736	0.048150	0.252919	0.614746	0.019533	0.024915
293	HGDP01186	Yizu	0.000010	0.000010	0.468425	0.518635	0.008734	0.004186
291	HGDP01184	Yizu	0.000010	0.000010	0.495415	0.504545	0.000010	0.000010
290	HGDP01183	Yizu	0.000010	0.006282	0.443574	0.523367	0.026756	0.000010
292	HGDP01185	Yizu	0.000010	0.017196	0.524152	0.455835	0.002797	0.000010
294	HGDP01187	Yizu	0.000010	0.007070	0.825917	0.166982	0.000010	0.000010
287	HGDP01180	Yizu	0.000010	0.000010	0.465330	0.531053	0.003587	0.000010
289	HGDP01182	Yizu	0.000010	0.059556	0.206913	0.731125	0.000010	0.002385
288	HGDP01181	Yizu	0.000010	0.022846	0.465093	0.503480	0.008561	0.000010
295	HGDP01188	Yizu	0.000010	0.021818	0.468299	0.509854	0.000010	0.000010
286	HGDP01179	Yizu	0.006931	0.000010	0.543624	0.448366	0.001058	0.000010
224	HGDP01344	Naxi	0.000010	0.009737	0.458986	0.514478	0.000010	0.016779
218	HGDP01337	Naxi	0.000010	0.071485	0.494958	0.433527	0.000010	0.000010
222	HGDP01341	Naxi	0.000010	0.053281	0.478233	0.434776	0.000010	0.033690
219	HGDP01338	Naxi	0.000010	0.073073	0.530188	0.396710	0.000010	0.000010
221	HGDP01340	Naxi	0.000010	0.038266	0.453208	0.495010	0.013497	0.000010
226	HGDP01346	Naxi	0.000010	0.000010	0.473187	0.526773	0.000010	0.000010
225	HGDP01345	Naxi	0.000010	0.015111	0.485777	0.499082	0.000010	0.000010
223	HGDP01342	Naxi	0.000010	0.014342	0.499704	0.485924	0.000010	0.000010
220	HGDP01339	Naxi	0.000010	0.000010	0.566173	0.422504	0.011294	0.000010
168	HGDP00768	Japanese	0.000010	0.259298	0.726643	0.014029	0.000010	0.000010
160	HGDP00760	Japanese	0.000010	0.228488	0.771472	0.000010	0.000010	0.000010
156	HGDP00756	Japanese	0.000010	0.256632	0.741677	0.001025	0.000010	0.000647
154	HGDP00754	Japanese	0.000010	0.234310	0.765650	0.000010	0.000010	0.000010
167	HGDP00767	Japanese	0.000010	0.255726	0.744234	0.000010	0.000010	0.000010
149	HGDP00749	Japanese	0.000010	0.243472	0.729507	0.021395	0.000010	0.005607
166	HGDP00766	Japanese	0.000010	0.252316	0.747644	0.000010	0.000010	0.000010
158	HGDP00758	Japanese	0.000010	0.227931	0.745144	0.001132	0.005947	0.019836
147	HGDP00747	Japanese	0.000010	0.252392	0.746886	0.000692	0.000010	0.000010
173	HGDP00790	Japanese	0.000010	0.254445	0.724534	0.007193	0.000010	0.013809
171	HGDP00772	Japanese	0.000010	0.176735	0.782820	0.026046	0.008856	0.005532
155	HGDP00755	Japanese	0.000010	0.233596	0.756413	0.000010	0.002180	0.007791
164	HGDP00764	Japanese	0.000010	0.219221	0.753395	0.000010	0.018145	0.009219
153	HGDP00753	Japanese	0.000010	0.221129	0.736358	0.012230	0.018197	0.012076
162	HGDP00762	Japanese	0.000010	0.232935	0.722582	0.037934	0.006529	0.000010
150	HGDP00750	Japanese	0.000010	0.244250	0.737813	0.000010	0.000010	0.017907
151	HGDP00751	Japanese	0.000010	0.190877	0.796811	0.000010	0.006771	0.005520
159	HGDP00759	Japanese	0.000010	0.223226	0.750719	0.026024	0.000010	0.000010
175	HGDP00828	Japanese	0.000010	0.239191	0.752241	0.000010	0.000010	0.008538
161	HGDP00761	Japanese	0.000010	0.250259	0.715389	0.000189	0.000010	0.034142
165	HGDP00765	Japanese	0.000010	0.205340	0.767442	0.021854	0.005344	0.000010
172	HGDP00773	Japanese	0.000010	0.205936	0.726242	0.050582	0.017167	0.000064
163	HGDP00763	Japanese	0.000010	0.187504	0.773812	0.000010	0.000010	0.038654
174	HGDP00791	Japanese	0.000010	0.229584	0.703882	0.066504	0.000010	0.000010
148	HGDP00748	Japanese	0.000010	0.191113	0.709269	0.099588	0.000010	0.000010
169	HGDP00769	Japanese	0.000010	0.140601	0.815740	0.022438	0.021200	0.000010
170	HGDP00771	Japanese	0.000010	0.254223	0.718135	0.027612	0.000010	0.000010
152	HGDP00752	Japanese	0.000010	0.204199	0.761360	0.000010	0.002623	0.031798
157	HGDP00757	Japanese	0.000010	0.206274	0.710736	0.066264	0.010275	0.006441
251	HGDP01352	Tu	0.027923	0.137374	0.463439	0.325858	0.013872	0.031535
250	HGDP01351	Tu	0.067930	0.100895	0.486209	0.314872	0.002154	0.027940
253	HGDP01354	Tu	0.035916	0.091073	0.532340	0.308669	0.000010	0.031992
247	HGDP01348	Tu	0.056360	0.109763	0.438479	0.356930	0.025533	0.012936
246	HGDP01347	Tu	0.038768	0.134820	0.487112	0.323815	0.015475	0.000010
255	HGDP01356	Tu	0.069850	0.091712	0.467068	0.347297	0.000010	0.024062
254	HGDP01355	Tu	0.032089	0.095316	0.472520	0.375262	0.014790	0.010023
249	HGDP01350	Tu	0.062608	0.111236	0.432082	0.362353	0.025132	0.006589
252	HGDP01353	Tu	0.066415	0.108493	0.494321	0.243269	0.036006	0.051497
248	HGDP01349	Tu	0.016402	0.125695	0.375196	0.447864	0.000010	0.034833
215	HGDP01228	Mongolas	0.026638	0.311632	0.569626	0.070228	0.021866	0.000010
216	HGDP01231	Mongolas	0.010109	0.272632	0.566234	0.082287	0.000010	0.068729
213	HGDP01225	Mongolas	0.006466	0.269921	0.599968	0.108971	0.014548	0.000126
212	HGDP01223	Mongolas	0.028988	0.288227	0.513908	0.139083	0.029784	0.000010
217	HGDP01232	Mongolas	0.043917	0.186812	0.606752	0.125091	0.028553	0.008874
214	HGDP01227	Mongolas	0.035403	0.270301	0.554546	0.092741	0.000805	0.046204
80	HGDP01218	Daurs	0.000010	0.447953	0.443765	0.074862	0.033401	0.000010
79	HGDP01217	Daurs	0.010753	0.406928	0.449353	0.098705	0.034251	0.000010
75	HGDP01213	Daurs	0.000010	0.453278	0.496203	0.009171	0.025780	0.015557
81	HGDP01220	Daurs	0.000010	0.445952	0.454307	0.062816	0.036905	0.000010
83	HGDP01222	Daurs	0.000010	0.451279	0.429886	0.094589	0.024226	0.000010
78	HGDP01216	Daurs	0.000010	0.415346	0.474759	0.059497	0.045714	0.004675
82	HGDP01221	Daurs	0.000010	0.423598	0.442825	0.088288	0.027055	0.018224
77	HGDP01215	Daurs	0.013572	0.403936	0.452662	0.070443	0.051791	0.007597
76	HGDP01214	Daurs	0.020097	0.405729	0.475241	0.073040	0.025883	0.000010
140	HGDP01234	Hezhens	0.000010	0.568172	0.404841	0.013589	0.013378	0.000010
141	HGDP01237	Hezhens	0.000010	0.543774	0.390461	0.000010	0.065735	0.000010
144	HGDP01240	Hezhens	0.000010	0.549555	0.370796	0.000010	0.057406	0.022224
146	HGDP01242	Hezhens	0.000010	0.440586	0.491955	0.008645	0.054319	0.004486
145	HGDP01241	Hezhens	0.000010	0.329067	0.533705	0.104105	0.031859	0.001254
139	HGDP01233	Hezhens	0.000010	0.344662	0.513048	0.103037	0.039234	0.000010
142	HGDP01238	Hezhens	0.000010	0.411085	0.473841	0.098715	0.014190	0.002158
143	HGDP01239	Hezhens	0.000010	0.370645	0.551726	0.062281	0.015328	0.000010
230	HGDP01206	Oroqens	0.000010	0.619607	0.302459	0.012828	0.065087	0.000010
227	HGDP01203	Oroqens	0.000010	0.661409	0.209911	0.029547	0.086516	0.012607
234	HGDP01211	Oroqens	0.000010	0.645911	0.224557	0.000010	0.129502	0.000010
229	HGDP01205	Oroqens	0.000010	0.489017	0.395779	0.057021	0.058163	0.000010
233	HGDP01209	Oroqens	0.000010	0.545001	0.382679	0.004571	0.067729	0.000010
231	HGDP01207	Oroqens	0.000010	0.509444	0.409238	0.012435	0.068863	0.000010
232	HGDP01208	Oroqens	0.000010	0.407034	0.397071	0.111676	0.084199	0.000010
228	HGDP01204	Oroqens	0.000010	0.384916	0.496071	0.111140	0.007853	0.000010
235	HGDP01212	Oroqens	0.013512	0.448657	0.425064	0.089713	0.023044	0.000010
284	HGDP00967	Yakuts	0.000010	0.999950	0.000010	0.000010	0.000010	0.000010
277	HGDP00960	Yakuts	0.000010	0.999950	0.000010	0.000010	0.000010	0.000010
279	HGDP00962	Yakuts	0.000010	0.999950	0.000010	0.000010	0.000010	0.000010
280	HGDP00963	Yakuts	0.000010	0.999950	0.000010	0.000010	0.000010	0.000010
275	HGDP00956	Yakuts	0.000010	0.999950	0.000010	0.000010	0.000010	0.000010
266	HGDP00945	Yakuts	0.000010	0.999950	0.000010	0.000010	0.000010	0.000010
267	HGDP00946	Yakuts	0.000010	0.999950	0.000010	0.000010	0.000010	0.000010
274	HGDP00955	Yakuts	0.000010	0.999950	0.000010	0.000010	0.000010	0.000010
273	HGDP00954	Yakuts	0.000010	0.999950	0.000010	0.000010	0.000010	0.000010
282	HGDP00965	Yakuts	0.000010	0.999950	0.000010	0.000010	0.000010	0.000010
268	HGDP00947	Yakuts	0.040108	0.959852	0.000010	0.000010	0.000010	0.000010
271	HGDP00951	Yakuts	0.000010	0.999950	0.000010	0.000010	0.000010	0.000010
269	HGDP00948	Yakuts	0.074043	0.919460	0.000010	0.000010	0.006467	0.000010
278	HGDP00961	Yakuts	0.019545	0.980415	0.000010	0.000010	0.000010	0.000010
272	HGDP00952	Yakuts	0.008393	0.991567	0.000010	0.000010	0.000010	0.000010
270	HGDP00950	Yakuts	0.101383	0.888652	0.000010	0.000010	0.009935	0.000010
281	HGDP00964	Yakuts	0.037424	0.953950	0.000010	0.000010	0.008596	0.000010
276	HGDP00958	Yakuts	0.084215	0.877233	0.009677	0.000010	0.027166	0.001700
285	HGDP00968	Yakuts	0.083526	0.873497	0.000010	0.000010	0.031509	0.011448
283	HGDP00966	Yakuts	0.064817	0.895307	0.013595	0.000010	0.026262	0.000010
54	ADR00074	Chukchis	0.000010	0.065099	0.000010	0.000010	0.934861	0.000010
45	MC_18	Chukchis	0.000010	0.062957	0.000010	0.000010	0.937003	0.000010
49	MC_17	Chukchis	0.000010	0.048223	0.000010	0.000010	0.951737	0.000010
60	ADR00060	Chukchis	0.000010	0.146377	0.000010	0.000010	0.853583	0.000010
58	ADR00061	Chukchis	0.000010	0.047112	0.000010	0.000010	0.952848	0.000010
50	MC_06	Chukchis	0.000010	0.069467	0.000010	0.000010	0.930493	0.000010
56	ADR00065	Chukchis	0.000010	0.118003	0.000010	0.000010	0.881957	0.000010
44	MC_15	Chukchis	0.000010	0.104780	0.000010	0.000010	0.895180	0.000010
62	ADR00057	Chukchis	0.000010	0.056432	0.000010	0.000010	0.937688	0.005850
46	MC_08	Chukchis	0.000010	0.031875	0.000010	0.000010	0.956798	0.011298
59	ADR00068	Chukchis	0.000010	0.073703	0.000010	0.000010	0.926257	0.000010
55	ADR00066	Chukchis	0.000010	0.030955	0.000010	0.015623	0.951745	0.001657
47	MC_25	Chukchis	0.000010	0.059883	0.000010	0.000010	0.940077	0.000010
57	ADR00079	Chukchis	0.000010	0.042370	0.034573	0.000010	0.923027	0.000010
43	MC_16	Chukchis	0.000010	0.004867	0.006756	0.000010	0.988346	0.000010
53	ADR00064	Chukchis	0.000010	0.081061	0.000010	0.000010	0.918899	0.000010
61	ADR00059	Chukchis	0.000010	0.006753	0.000010	0.000010	0.993207	0.000010
51	MC_38	Chukchis	0.000010	0.000010	0.000010	0.000010	0.999950	0.000010
42	MC_40	Chukchis	0.000010	0.000010	0.000010	0.000010	0.999950	0.000010
52	MC_14	Chukchis	0.000010	0.000010	0.000010	0.000010	0.999950	0.000010
64	Sir41	Chukchis	0.000010	0.000010	0.000010	0.000010	0.999950	0.000010
48	Sesk_47	Chukchis	0.000010	0.013897	0.000010	0.000010	0.986063	0.000010
63	Sir50	Chukchis	0.000010	0.003302	0.000010	0.000010	0.996658	0.000010
86	Nesk_15	Eskimo	0.000010	0.000010	0.000010	0.000010	0.999950	0.000010
101	ADR00096	Eskimo	0.000010	0.000010	0.000010	0.000010	0.999950	0.000010
98	ADR00093	Eskimo	0.000010	0.000010	0.000010	0.000010	0.999950	0.000010
97	ADR00089	Eskimo	0.000010	0.000010	0.000010	0.000010	0.999950	0.000010
94	Sir61	Eskimo	0.000010	0.000010	0.000010	0.000010	0.999950	0.000010
95	ADR00090	Eskimo	0.000010	0.000010	0.000010	0.000010	0.999950	0.000010
85	Nesk_22	Eskimo	0.000010	0.000010	0.000010	0.000010	0.999950	0.000010
84	Nesk_25	Eskimo	0.000010	0.000010	0.000010	0.000010	0.999950	0.000010
96	ADR00092	Eskimo	0.000010	0.000010	0.000010	0.000010	0.999950	0.000010
105	Nesk8	Eskimo	0.000010	0.000010	0.000010	0.000010	0.999950	0.000010
99	ADR00098	Eskimo	0.000010	0.000010	0.000010	0.000010	0.999950	0.000010
87	Nesk_23	Eskimo	0.000010	0.000010	0.000010	0.000010	0.999950	0.000010
100	ADR00102	Eskimo	0.000010	0.000010	0.000010	0.000010	0.999950	0.000010
104	Nesk19	Eskimo	0.000010	0.000010	0.000010	0.000010	0.999950	0.000010
89	Esk29	Eskimo	0.000010	0.000010	0.000010	0.000010	0.999950	0.000010
91	Sir77	Eskimo	0.000010	0.000010	0.000010	0.000010	0.999950	0.000010
90	Esk38	Eskimo	0.000010	0.036069	0.000010	0.000010	0.963891	0.000010
103	Esk22	Eskimo	0.000010	0.000010	0.000010	0.000010	0.999950	0.000010
102	Sir43	Eskimo	0.000010	0.026343	0.000010	0.002499	0.971128	0.000010
93	Sir26	Eskimo	0.000010	0.000010	0.000010	0.000010	0.999950	0.000010
88	Esk20	Eskimo	0.000010	0.000010	0.008326	0.000010	0.991634	0.000010
92	Sir14	Eskimo	0.000010	0.035484	0.000010	0.000010	0.964476	0.000010
